4月 06, 2025 12:50:45 下午 com.example.message.Main initialize
信息: 日志系统初始化完成
4月 06, 2025 12:50:45 下午 com.example.message.services.ApiService initialize
信息: API Service initialized
4月 06, 2025 12:50:45 下午 com.example.message.services.ApiService initialize
信息: API服务初始化完成，服务器地址: http://8.134.99.69:3000/api
4月 06, 2025 12:50:45 下午 com.example.message.services.ApiService lambda$initialize$0
信息: API可用性检查结果: 可用
4月 06, 2025 12:50:45 下午 com.example.message.services.ChatService initialize
信息: 初始化聊天服务
4月 06, 2025 12:50:45 下午 com.example.message.services.ChatService initialize
信息: 聊天服务初始化完成
4月 06, 2025 12:50:45 下午 com.example.message.Main initialize
信息: API服务可用性: true
4月 06, 2025 12:50:45 下午 com.example.message.Main initialize
信息: 应用程序已启动
4月 06, 2025 12:50:45 下午 com.example.message.services.DiaryService getAllDiaries
信息: 获取所有日记
4月 06, 2025 12:50:45 下午 com.example.message.services.ApiService getAllDiaries
警告: API不可用或用户未登录，无法获取所有日记
4月 06, 2025 12:50:45 下午 com.example.message.services.DiaryService getAllDiaries
信息: 成功获取所有日记，数量: 0
4月 06, 2025 12:50:48 下午 com.example.message.services.DiaryService getAllDiaries
信息: 获取所有日记
4月 06, 2025 12:50:48 下午 com.example.message.services.ApiService getAllDiaries
警告: API不可用或用户未登录，无法获取所有日记
4月 06, 2025 12:50:48 下午 com.example.message.services.DiaryService getAllDiaries
信息: 成功获取所有日记，数量: 0
4月 06, 2025 12:51:00 下午 com.example.message.services.DiaryService getAllDiaries
信息: 获取所有日记
4月 06, 2025 12:51:00 下午 com.example.message.services.ApiService getAllDiaries
警告: API不可用或用户未登录，无法获取所有日记
4月 06, 2025 12:51:00 下午 com.example.message.services.DiaryService getAllDiaries
信息: 成功获取所有日记，数量: 0
4月 06, 2025 12:51:12 下午 com.example.message.services.DiaryService getAllDiaries
信息: 获取所有日记
4月 06, 2025 12:51:12 下午 com.example.message.services.ApiService getAllDiaries
警告: API不可用或用户未登录，无法获取所有日记
4月 06, 2025 12:51:12 下午 com.example.message.services.DiaryService getAllDiaries
信息: 成功获取所有日记，数量: 0
4月 06, 2025 12:51:45 下午 com.example.message.services.ApiService lambda$initialize$0
信息: API可用性检查结果: 可用
4月 06, 2025 12:52:45 下午 com.example.message.services.ApiService lambda$initialize$0
信息: API可用性检查结果: 可用
4月 06, 2025 12:53:45 下午 com.example.message.services.ApiService lambda$initialize$0
信息: API可用性检查结果: 可用
4月 06, 2025 12:54:45 下午 com.example.message.services.ApiService lambda$initialize$0
信息: API可用性检查结果: 可用
4月 06, 2025 12:55:45 下午 com.example.message.services.ApiService lambda$initialize$0
信息: API可用性检查结果: 可用
4月 06, 2025 12:56:45 下午 com.example.message.services.ApiService lambda$initialize$0
信息: API可用性检查结果: 可用
4月 06, 2025 12:57:45 下午 com.example.message.services.ApiService lambda$initialize$0
信息: API可用性检查结果: 可用
4月 06, 2025 12:58:45 下午 com.example.message.services.ApiService lambda$initialize$0
信息: API可用性检查结果: 可用
4月 06, 2025 12:59:45 下午 com.example.message.services.ApiService lambda$initialize$0
信息: API可用性检查结果: 可用
4月 06, 2025 1:00:45 下午 com.example.message.services.ApiService lambda$initialize$0
信息: API可用性检查结果: 可用
4月 06, 2025 1:01:45 下午 com.example.message.services.ApiService lambda$initialize$0
信息: API可用性检查结果: 可用
4月 06, 2025 1:02:45 下午 com.example.message.services.ApiService lambda$initialize$0
信息: API可用性检查结果: 可用
4月 06, 2025 1:03:55 下午 com.example.message.services.ApiService testConnection
严重: API连接测试失败: Connect timed out
4月 06, 2025 1:03:55 下午 com.example.message.services.ApiService lambda$initialize$0
信息: API可用性检查结果: 不可用
4月 06, 2025 1:04:55 下午 com.example.message.services.ApiService lambda$initialize$0
信息: API可用性检查结果: 可用
4月 06, 2025 1:05:55 下午 com.example.message.services.ApiService lambda$initialize$0
信息: API可用性检查结果: 可用
4月 06, 2025 1:06:55 下午 com.example.message.services.ApiService lambda$initialize$0
信息: API可用性检查结果: 可用
4月 06, 2025 1:07:55 下午 com.example.message.services.ApiService lambda$initialize$0
信息: API可用性检查结果: 可用
4月 06, 2025 1:08:55 下午 com.example.message.services.ApiService lambda$initialize$0
信息: API可用性检查结果: 可用
4月 06, 2025 1:09:55 下午 com.example.message.services.ApiService lambda$initialize$0
信息: API可用性检查结果: 可用
4月 06, 2025 1:10:55 下午 com.example.message.services.ApiService lambda$initialize$0
信息: API可用性检查结果: 可用
4月 06, 2025 1:11:55 下午 com.example.message.services.ApiService lambda$initialize$0
信息: API可用性检查结果: 可用
4月 06, 2025 1:12:55 下午 com.example.message.services.ApiService lambda$initialize$0
信息: API可用性检查结果: 可用
4月 06, 2025 1:13:55 下午 com.example.message.services.ApiService lambda$initialize$0
信息: API可用性检查结果: 可用
4月 06, 2025 1:14:55 下午 com.example.message.services.ApiService lambda$initialize$0
信息: API可用性检查结果: 可用
4月 06, 2025 1:15:55 下午 com.example.message.services.ApiService lambda$initialize$0
信息: API可用性检查结果: 可用
4月 06, 2025 1:16:55 下午 com.example.message.services.ApiService lambda$initialize$0
信息: API可用性检查结果: 可用
4月 06, 2025 1:17:55 下午 com.example.message.services.ApiService lambda$initialize$0
信息: API可用性检查结果: 可用
4月 06, 2025 1:18:55 下午 com.example.message.services.ApiService lambda$initialize$0
信息: API可用性检查结果: 可用
4月 06, 2025 1:19:55 下午 com.example.message.services.ApiService lambda$initialize$0
信息: API可用性检查结果: 可用
4月 06, 2025 1:20:55 下午 com.example.message.services.ApiService lambda$initialize$0
信息: API可用性检查结果: 可用
4月 06, 2025 1:21:55 下午 com.example.message.services.ApiService lambda$initialize$0
信息: API可用性检查结果: 可用
4月 06, 2025 1:22:55 下午 com.example.message.services.ApiService lambda$initialize$0
信息: API可用性检查结果: 可用
4月 06, 2025 1:23:55 下午 com.example.message.services.ApiService lambda$initialize$0
信息: API可用性检查结果: 可用
4月 06, 2025 1:24:55 下午 com.example.message.services.ApiService lambda$initialize$0
信息: API可用性检查结果: 可用
4月 06, 2025 1:25:55 下午 com.example.message.services.ApiService lambda$initialize$0
信息: API可用性检查结果: 可用
4月 06, 2025 1:26:55 下午 com.example.message.services.ApiService lambda$initialize$0
信息: API可用性检查结果: 可用
4月 06, 2025 1:27:55 下午 com.example.message.services.ApiService lambda$initialize$0
信息: API可用性检查结果: 可用
4月 06, 2025 1:28:55 下午 com.example.message.services.ApiService lambda$initialize$0
信息: API可用性检查结果: 可用
4月 06, 2025 1:29:55 下午 com.example.message.services.ApiService lambda$initialize$0
信息: API可用性检查结果: 可用
4月 06, 2025 1:30:55 下午 com.example.message.services.ApiService lambda$initialize$0
信息: API可用性检查结果: 可用
4月 06, 2025 1:31:55 下午 com.example.message.services.ApiService lambda$initialize$0
信息: API可用性检查结果: 可用
4月 06, 2025 1:32:55 下午 com.example.message.services.ApiService lambda$initialize$0
信息: API可用性检查结果: 可用
4月 06, 2025 1:33:55 下午 com.example.message.services.ApiService lambda$initialize$0
信息: API可用性检查结果: 可用
4月 06, 2025 1:34:55 下午 com.example.message.services.ApiService lambda$initialize$0
信息: API可用性检查结果: 可用
4月 06, 2025 1:35:55 下午 com.example.message.services.ApiService lambda$initialize$0
信息: API可用性检查结果: 可用
